<?xml version="1.0" encoding="UTF-8"?>
<testsuite xmlns:xsi="http://www.w3.org/2001/XMLSchema-instance" xsi:noNamespaceSchemaLocation="https://maven.apache.org/surefire/maven-surefire-plugin/xsd/surefire-test-report-3.0.xsd" version="3.0" name="ec.epn.edu.git.calculator.CalculatorTest" time="0.146" tests="4" errors="0" skipped="0" failures="0">
  <properties>
[...]
</properties>
  <testcase name="given_two_integers_when_addition_then_ok" classname="ec.epn.edu.git.calculator.CalculatorTest" time="0.007">
    <system-out><![CDATA[Starting tests for Calculator class...
setUp
TearDown()
]]></system-out>
  </testcase>
  <testcase name="given_two_integers_when_division_then_exception" classname="ec.epn.edu.git.calculator.CalculatorTest" time="0.004">
    <system-out><![CDATA[setUp
TearDown()
]]></system-out>
  </testcase>
  <testcase name="given_a_time_when_timeout_then_ok" classname="ec.epn.edu.git.calculator.CalculatorTest" time="0.109">
    <system-out><![CDATA[setUp
TearDown()
]]></system-out>
  </testcase>
  <testcase name="given_two_integers_when_subtraction_then_ok" classname="ec.epn.edu.git.calculator.CalculatorTest" time="0.001">
    <system-out><![CDATA[setUp
TearDown()
]]></system-out>
  </testcase>
</testsuite>